<?xml version="1.0" encoding="UTF-8"?>
<!-- Generated by org.testng.reporters.JUnitReportReporter -->
<testsuite name="com.hdfc.testng.testpages.TestPages" tests="1" time="19.297" ignored="0" failures="0" timestamp="16 May 2021 11:53:48 GMT" skipped="0" hostname="LAPTOP-2D7HJLAU" errors="0">
  <testcase name="testPages" time="19.297" classname="com.hdfc.testng.testpages.TestPages"/>
</testsuite> <!-- com.hdfc.testng.testpages.TestPages -->
